This file contains any messages produced by compilers while
running configure, to aid debugging if configure makes a mistake.

It was created by gerb2tiff configure 1.2, which was
generated by GNU Autoconf 2.71.  Invocation command line was

  $ ./configure

## --------- ##
## Platform. ##
## --------- ##

hostname = DESKTOP-F8FHQ13
uname -m = x86_64
uname -r = 5.15.167.4-microsoft-standard-WSL2
uname -s = Linux
uname -v = #1 SMP Tue Nov 5 00:21:55 UTC 2024

/usr/bin/uname -p = x86_64
/bin/uname -X     = unknown

/bin/arch              = x86_64
/usr/bin/arch -k       = unknown
/usr/convex/getsysinfo = unknown
/usr/bin/hostinfo      = unknown
/bin/machine           = unknown
/usr/bin/oslevel       = unknown
/bin/universe          = unknown

PATH: /usr/local/sbin/
PATH: /usr/local/bin/
PATH: /usr/sbin/
PATH: /usr/bin/
PATH: /sbin/
PATH: /bin/
PATH: /usr/games/
PATH: /usr/local/games/
PATH: /usr/lib/wsl/lib/
PATH: /mnt/c/Program Files (x86)/VMware/VMware Player/bin/
PATH: /mnt/c/Program Files/Common Files/Oracle/Java/javapath/
PATH: /mnt/c/Windows/system32/
PATH: /mnt/c/Windows/
PATH: /mnt/c/Windows/System32/Wbem/
PATH: /mnt/c/Windows/System32/WindowsPowerShell/v1.0/
PATH: /mnt/c/Windows/System32/OpenSSH/
PATH: /mnt/c/Program Files/dotnet/
PATH: /mnt/c/Program Files (x86)/NVIDIA Corporation/PhysX/Common/
PATH: /mnt/c/Program Files/Bandizip/
PATH: /mnt/c/Program Files (x86)/Windows Kits/10/Windows Performance Toolkit/
PATH: /mnt/c/Users/cmg11/AppData/Local/Packages/PythonSoftwareFoundation.Python.3.11_qbz5n2kfra8p0/LocalCache/local-packages/Python311/Scripts/
PATH: /mnt/c/MinGW/bin/
PATH: /mnt/c/Program Files/Git/cmd/
PATH: /mnt/c/Users/cmg11/AppData/Local/Microsoft/WindowsApps/
PATH: /mnt/c/Users/cmg11/AppData/Local/afreeca/
PATH: /mnt/c/Users/cmg11/AppData/Local/Programs/Microsoft VS Code/bin/
PATH: /mnt/c/Users/cmg11/AppData/Local/SOOP/
PATH: /snap/bin/


## ----------- ##
## Core tests. ##
## ----------- ##

configure:2852: looking for aux files: config.guess config.sub compile missing install-sh
configure:2865:  trying ./build-aux/
configure:2894:   ./build-aux/config.guess found
configure:2894:   ./build-aux/config.sub found
configure:2894:   ./build-aux/compile found
configure:2894:   ./build-aux/missing found
configure:2876:   ./build-aux/install-sh found
configure:3028: checking for a BSD-compatible install
configure:3101: result: /usr/bin/install -c
configure:3112: checking whether build environment is sane
configure:3167: result: yes
configure:3202: WARNING: 'missing' script is too old or missing
configure:3326: checking for a race-free mkdir -p
configure:3370: result: /usr/bin/mkdir -p
configure:3377: checking for gawk
configure:3398: found /usr/bin/gawk
configure:3409: result: gawk
configure:3420: checking whether make sets $(MAKE)
configure:3443: result: yes
configure:3473: checking whether make supports nested variables
configure:3491: result: yes
configure:3633: checking for bison
configure:3654: found /usr/bin/bison
configure:3665: result: bison -y
configure:3746: checking for g++
configure:3767: found /usr/bin/g++
configure:3778: result: g++
configure:3805: checking for C++ compiler version
configure:3814: g++ --version >&5
g++ (Ubuntu 13.3.0-6ubuntu2~24.04) 13.3.0
Copyright (C) 2023 Free Software Foundation, Inc.
This is free software; see the source for copying conditions.  There is NO
warranty; not even for MERCHANTABILITY or FITNESS FOR A PARTICULAR PURPOSE.

configure:3825: $? = 0
configure:3814: g++ -v >&5
Using built-in specs.
COLLECT_GCC=g++
COLLECT_LTO_WRAPPER=/usr/libexec/gcc/x86_64-linux-gnu/13/lto-wrapper
OFFLOAD_TARGET_NAMES=nvptx-none:amdgcn-amdhsa
OFFLOAD_TARGET_DEFAULT=1
Target: x86_64-linux-gnu
Configured with: ../src/configure -v --with-pkgversion='Ubuntu 13.3.0-6ubuntu2~24.04' --with-bugurl=file:///usr/share/doc/gcc-13/README.Bugs --enable-languages=c,ada,c++,go,d,fortran,objc,obj-c++,m2 --prefix=/usr --with-gcc-major-version-only --program-suffix=-13 --program-prefix=x86_64-linux-gnu- --enable-shared --enable-linker-build-id --libexecdir=/usr/libexec --without-included-gettext --enable-threads=posix --libdir=/usr/lib --enable-nls --enable-bootstrap --enable-clocale=gnu --enable-libstdcxx-debug --enable-libstdcxx-time=yes --with-default-libstdcxx-abi=new --enable-libstdcxx-backtrace --enable-gnu-unique-object --disable-vtable-verify --enable-plugin --enable-default-pie --with-system-zlib --enable-libphobos-checking=release --with-target-system-zlib=auto --enable-objc-gc=auto --enable-multiarch --disable-werror --enable-cet --with-arch-32=i686 --with-abi=m64 --with-multilib-list=m32,m64,mx32 --enable-multilib --with-tune=generic --enable-offload-targets=nvptx-none=/build/gcc-13-fG75Ri/gcc-13-13.3.0/debian/tmp-nvptx/usr,amdgcn-amdhsa=/build/gcc-13-fG75Ri/gcc-13-13.3.0/debian/tmp-gcn/usr --enable-offload-defaulted --without-cuda-driver --enable-checking=release --build=x86_64-linux-gnu --host=x86_64-linux-gnu --target=x86_64-linux-gnu --with-build-config=bootstrap-lto-lean --enable-link-serialization=2
Thread model: posix
Supported LTO compression algorithms: zlib zstd
gcc version 13.3.0 (Ubuntu 13.3.0-6ubuntu2~24.04) 
... rest of stderr output deleted ...
configure:3825: $? = 0
configure:3814: g++ -V >&5
g++: error: unrecognized command-line option '-V'
g++: fatal error: no input files
compilation terminated.
configure:3825: $? = 1
configure:3814: g++ -qversion >&5
g++: error: unrecognized command-line option '-qversion'; did you mean '--version'?
g++: fatal error: no input files
compilation terminated.
configure:3825: $? = 1
configure:3845: checking whether the C++ compiler works
configure:3867: g++    conftest.cpp  >&5
configure:3871: $? = 0
configure:3921: result: yes
configure:3924: checking for C++ compiler default output file name
configure:3926: result: a.out
configure:3932: checking for suffix of executables
configure:3939: g++ -o conftest    conftest.cpp  >&5
configure:3943: $? = 0
configure:3966: result: 
configure:3988: checking whether we are cross compiling
configure:3996: g++ -o conftest    conftest.cpp  >&5
configure:4000: $? = 0
configure:4007: ./conftest
configure:4011: $? = 0
configure:4026: result: no
configure:4031: checking for suffix of object files
configure:4054: g++ -c   conftest.cpp >&5
configure:4058: $? = 0
configure:4080: result: o
configure:4084: checking whether the compiler supports GNU C++
configure:4104: g++ -c   conftest.cpp >&5
configure:4104: $? = 0
configure:4114: result: yes
configure:4125: checking whether g++ accepts -g
configure:4146: g++ -c -g  conftest.cpp >&5
configure:4146: $? = 0
configure:4190: result: yes
configure:4210: checking for g++ option to enable C++11 features
configure:4225: g++  -c -g -O2  conftest.cpp >&5
conftest.cpp: In function 'int main(int, char**)':
conftest.cpp:177:25: warning: empty parentheses were disambiguated as a function declaration [-Wvexing-parse]
  177 |   cxx11test::delegate d2();
      |                         ^~
conftest.cpp:177:25: note: remove parentheses to default-initialize a variable
  177 |   cxx11test::delegate d2();
      |                         ^~
      |                         --
conftest.cpp:177:25: note: or replace parentheses with braces to value-initialize a variable
configure:4225: $? = 0
configure:4243: result: none needed
configure:4310: checking whether make supports the include directive
configure:4325: make -f confmf.GNU && cat confinc.out
this is the am__doit target
configure:4328: $? = 0
configure:4347: result: yes (GNU style)
configure:4373: checking dependency style of g++
configure:4485: result: gcc3
configure:4562: checking for gcc
configure:4583: found /usr/bin/gcc
configure:4594: result: gcc
configure:4947: checking for C compiler version
configure:4956: gcc --version >&5
gcc (Ubuntu 13.3.0-6ubuntu2~24.04) 13.3.0
Copyright (C) 2023 Free Software Foundation, Inc.
This is free software; see the source for copying conditions.  There is NO
warranty; not even for MERCHANTABILITY or FITNESS FOR A PARTICULAR PURPOSE.

configure:4967: $? = 0
configure:4956: gcc -v >&5
Using built-in specs.
COLLECT_GCC=gcc
COLLECT_LTO_WRAPPER=/usr/libexec/gcc/x86_64-linux-gnu/13/lto-wrapper
OFFLOAD_TARGET_NAMES=nvptx-none:amdgcn-amdhsa
OFFLOAD_TARGET_DEFAULT=1
Target: x86_64-linux-gnu
Configured with: ../src/configure -v --with-pkgversion='Ubuntu 13.3.0-6ubuntu2~24.04' --with-bugurl=file:///usr/share/doc/gcc-13/README.Bugs --enable-languages=c,ada,c++,go,d,fortran,objc,obj-c++,m2 --prefix=/usr --with-gcc-major-version-only --program-suffix=-13 --program-prefix=x86_64-linux-gnu- --enable-shared --enable-linker-build-id --libexecdir=/usr/libexec --without-included-gettext --enable-threads=posix --libdir=/usr/lib --enable-nls --enable-bootstrap --enable-clocale=gnu --enable-libstdcxx-debug --enable-libstdcxx-time=yes --with-default-libstdcxx-abi=new --enable-libstdcxx-backtrace --enable-gnu-unique-object --disable-vtable-verify --enable-plugin --enable-default-pie --with-system-zlib --enable-libphobos-checking=release --with-target-system-zlib=auto --enable-objc-gc=auto --enable-multiarch --disable-werror --enable-cet --with-arch-32=i686 --with-abi=m64 --with-multilib-list=m32,m64,mx32 --enable-multilib --with-tune=generic --enable-offload-targets=nvptx-none=/build/gcc-13-fG75Ri/gcc-13-13.3.0/debian/tmp-nvptx/usr,amdgcn-amdhsa=/build/gcc-13-fG75Ri/gcc-13-13.3.0/debian/tmp-gcn/usr --enable-offload-defaulted --without-cuda-driver --enable-checking=release --build=x86_64-linux-gnu --host=x86_64-linux-gnu --target=x86_64-linux-gnu --with-build-config=bootstrap-lto-lean --enable-link-serialization=2
Thread model: posix
Supported LTO compression algorithms: zlib zstd
gcc version 13.3.0 (Ubuntu 13.3.0-6ubuntu2~24.04) 
... rest of stderr output deleted ...
configure:4967: $? = 0
configure:4956: gcc -V >&5
gcc: error: unrecognized command-line option '-V'
gcc: fatal error: no input files
compilation terminated.
configure:4967: $? = 1
configure:4956: gcc -qversion >&5
gcc: error: unrecognized command-line option '-qversion'; did you mean '--version'?
gcc: fatal error: no input files
compilation terminated.
configure:4967: $? = 1
configure:4956: gcc -version >&5
gcc: error: unrecognized command-line option '-version'
gcc: fatal error: no input files
compilation terminated.
configure:4967: $? = 1
configure:4971: checking whether the compiler supports GNU C
configure:4991: gcc -c   conftest.c >&5
configure:4991: $? = 0
configure:5001: result: yes
configure:5012: checking whether gcc accepts -g
configure:5033: gcc -c -g  conftest.c >&5
configure:5033: $? = 0
configure:5077: result: yes
configure:5097: checking for gcc option to enable C11 features
configure:5112: gcc  -c -g -O2  conftest.c >&5
configure:5112: $? = 0
configure:5130: result: none needed
configure:5246: checking whether gcc understands -c and -o together
configure:5269: gcc -c conftest.c -o conftest2.o
configure:5272: $? = 0
configure:5269: gcc -c conftest.c -o conftest2.o
configure:5272: $? = 0
configure:5284: result: yes
configure:5303: checking dependency style of gcc
configure:5415: result: gcc3
configure:5435: checking how to run the C preprocessor
configure:5461: gcc -E  conftest.c
configure:5461: $? = 0
configure:5476: gcc -E  conftest.c
conftest.c:11:10: fatal error: ac_nonexistent.h: No such file or directory
   11 | #include <ac_nonexistent.h>
      |          ^~~~~~~~~~~~~~~~~~
compilation terminated.
configure:5476: $? = 1
configure: failed program was:
| /* confdefs.h */
| #define PACKAGE_NAME "gerb2tiff"
| #define PACKAGE_TARNAME "gerb2tiff"
| #define PACKAGE_VERSION "1.2"
| #define PACKAGE_STRING "gerb2tiff 1.2"
| #define PACKAGE_BUGREPORT "a_seychell@yahoo.com.au"
| #define PACKAGE_URL ""
| #define PACKAGE "gerb2tiff"
| #define VERSION "1.2"
| /* end confdefs.h.  */
| #include <ac_nonexistent.h>
configure:5503: result: gcc -E
configure:5517: gcc -E  conftest.c
configure:5517: $? = 0
configure:5532: gcc -E  conftest.c
conftest.c:11:10: fatal error: ac_nonexistent.h: No such file or directory
   11 | #include <ac_nonexistent.h>
      |          ^~~~~~~~~~~~~~~~~~
compilation terminated.
configure:5532: $? = 1
configure: failed program was:
| /* confdefs.h */
| #define PACKAGE_NAME "gerb2tiff"
| #define PACKAGE_TARNAME "gerb2tiff"
| #define PACKAGE_VERSION "1.2"
| #define PACKAGE_STRING "gerb2tiff 1.2"
| #define PACKAGE_BUGREPORT "a_seychell@yahoo.com.au"
| #define PACKAGE_URL ""
| #define PACKAGE "gerb2tiff"
| #define VERSION "1.2"
| /* end confdefs.h.  */
| #include <ac_nonexistent.h>
configure:5567: checking for flex
configure:5588: found /usr/bin/flex
configure:5599: result: flex
configure:5648: checking for lex output file root
configure:5661: flex conftest.l
configure:5665: $? = 0
configure:5673: result: lex.yy
configure:5688: checking for lex library
configure:5713: gcc -o conftest -g -O2   conftest.c  >&5
configure:5713: $? = 0
configure:5726: result: none needed
configure:5741: checking for library containing yywrap
configure:5771: gcc -o conftest -g -O2   conftest.c  >&5
/usr/bin/ld: /tmp/ccyeISLB.o: in function `main':
/home/minkicho/gerb2tiff/conftest.c:19:(.text.startup+0xb): undefined reference to `yywrap'
collect2: error: ld returned 1 exit status
configure:5771: $? = 1
configure: failed program was:
| /* confdefs.h */
| #define PACKAGE_NAME "gerb2tiff"
| #define PACKAGE_TARNAME "gerb2tiff"
| #define PACKAGE_VERSION "1.2"
| #define PACKAGE_STRING "gerb2tiff 1.2"
| #define PACKAGE_BUGREPORT "a_seychell@yahoo.com.au"
| #define PACKAGE_URL ""
| #define PACKAGE "gerb2tiff"
| #define VERSION "1.2"
| /* end confdefs.h.  */
| 
| /* Override any GCC internal prototype to avoid an error.
|    Use char because int might match the return type of a GCC
|    builtin and then its argument prototype would still apply.  */
| char yywrap ();
| int
| main (void)
| {
| return yywrap ();
|   ;
|   return 0;
| }
configure:5771: gcc -o conftest -g -O2   conftest.c -lfl   >&5
/usr/bin/ld: /usr/lib/gcc/x86_64-linux-gnu/13/../../../x86_64-linux-gnu/libfl.so: undefined reference to `yylex'
collect2: error: ld returned 1 exit status
configure:5771: $? = 1
configure: failed program was:
| /* confdefs.h */
| #define PACKAGE_NAME "gerb2tiff"
| #define PACKAGE_TARNAME "gerb2tiff"
| #define PACKAGE_VERSION "1.2"
| #define PACKAGE_STRING "gerb2tiff 1.2"
| #define PACKAGE_BUGREPORT "a_seychell@yahoo.com.au"
| #define PACKAGE_URL ""
| #define PACKAGE "gerb2tiff"
| #define VERSION "1.2"
| /* end confdefs.h.  */
| 
| /* Override any GCC internal prototype to avoid an error.
|    Use char because int might match the return type of a GCC
|    builtin and then its argument prototype would still apply.  */
| char yywrap ();
| int
| main (void)
| {
| return yywrap ();
|   ;
|   return 0;
| }
configure:5771: gcc -o conftest -g -O2   conftest.c -ll   >&5
configure:5771: $? = 0
configure:5791: result: -ll
configure:5807: checking whether yytext is a pointer
configure:5823: gcc -c -g -O2  conftest.c >&5
configure:5823: $? = 0
configure:5830: result: yes
configure:5845: checking for TIFFOpen in -ltiff
configure:5868: gcc -o conftest -g -O2   conftest.c -ltiff -lz  >&5
configure:5868: $? = 0
configure:5878: result: yes
configure:5894: checking for stdio.h
configure:5894: gcc -c -g -O2  conftest.c >&5
configure:5894: $? = 0
configure:5894: result: yes
configure:5894: checking for stdlib.h
configure:5894: gcc -c -g -O2  conftest.c >&5
configure:5894: $? = 0
configure:5894: result: yes
configure:5894: checking for string.h
configure:5894: gcc -c -g -O2  conftest.c >&5
configure:5894: $? = 0
configure:5894: result: yes
configure:5894: checking for inttypes.h
configure:5894: gcc -c -g -O2  conftest.c >&5
configure:5894: $? = 0
configure:5894: result: yes
configure:5894: checking for stdint.h
configure:5894: gcc -c -g -O2  conftest.c >&5
configure:5894: $? = 0
configure:5894: result: yes
configure:5894: checking for strings.h
configure:5894: gcc -c -g -O2  conftest.c >&5
configure:5894: $? = 0
configure:5894: result: yes
configure:5894: checking for sys/stat.h
configure:5894: gcc -c -g -O2  conftest.c >&5
configure:5894: $? = 0
configure:5894: result: yes
configure:5894: checking for sys/types.h
configure:5894: gcc -c -g -O2  conftest.c >&5
configure:5894: $? = 0
configure:5894: result: yes
configure:5894: checking for unistd.h
configure:5894: gcc -c -g -O2  conftest.c >&5
configure:5894: $? = 0
configure:5894: result: yes
configure:5919: checking for size_t
configure:5919: gcc -c -g -O2  conftest.c >&5
configure:5919: $? = 0
configure:5919: gcc -c -g -O2  conftest.c >&5
conftest.c: In function 'main':
conftest.c:54:21: error: expected expression before ')' token
   54 | if (sizeof ((size_t)))
      |                     ^
configure:5919: $? = 1
configure: failed program was:
| /* confdefs.h */
| #define PACKAGE_NAME "gerb2tiff"
| #define PACKAGE_TARNAME "gerb2tiff"
| #define PACKAGE_VERSION "1.2"
| #define PACKAGE_STRING "gerb2tiff 1.2"
| #define PACKAGE_BUGREPORT "a_seychell@yahoo.com.au"
| #define PACKAGE_URL ""
| #define PACKAGE "gerb2tiff"
| #define VERSION "1.2"
| #define YYTEXT_POINTER 1
| #define HAVE_LIBTIFF 1
| #define HAVE_STDIO_H 1
| #define HAVE_STDLIB_H 1
| #define HAVE_STRING_H 1
| #define HAVE_INTTYPES_H 1
| #define HAVE_STDINT_H 1
| #define HAVE_STRINGS_H 1
| #define HAVE_SYS_STAT_H 1
| #define HAVE_SYS_TYPES_H 1
| #define HAVE_UNISTD_H 1
| #define STDC_HEADERS 1
| /* end confdefs.h.  */
| #include <stddef.h>
| #ifdef HAVE_STDIO_H
| # include <stdio.h>
| #endif
| #ifdef HAVE_STDLIB_H
| # include <stdlib.h>
| #endif
| #ifdef HAVE_STRING_H
| # include <string.h>
| #endif
| #ifdef HAVE_INTTYPES_H
| # include <inttypes.h>
| #endif
| #ifdef HAVE_STDINT_H
| # include <stdint.h>
| #endif
| #ifdef HAVE_STRINGS_H
| # include <strings.h>
| #endif
| #ifdef HAVE_SYS_TYPES_H
| # include <sys/types.h>
| #endif
| #ifdef HAVE_SYS_STAT_H
| # include <sys/stat.h>
| #endif
| #ifdef HAVE_UNISTD_H
| # include <unistd.h>
| #endif
| int
| main (void)
| {
| if (sizeof ((size_t)))
| 	    return 0;
|   ;
|   return 0;
| }
configure:5919: result: yes
configure:5931: checking for working alloca.h
configure:5949: gcc -o conftest -g -O2   conftest.c -ltiff  >&5
configure:5949: $? = 0
configure:5958: result: yes
configure:5966: checking for alloca
configure:6011: result: yes
configure:6078: checking for inttypes.h
configure:6078: result: yes
configure:6084: checking for libintl.h
configure:6084: gcc -c -g -O2  conftest.c >&5
configure:6084: $? = 0
configure:6084: result: yes
configure:6090: checking for limits.h
configure:6090: gcc -c -g -O2  conftest.c >&5
configure:6090: $? = 0
configure:6090: result: yes
configure:6096: checking for malloc.h
configure:6096: gcc -c -g -O2  conftest.c >&5
configure:6096: $? = 0
configure:6096: result: yes
configure:6102: checking for stddef.h
configure:6102: gcc -c -g -O2  conftest.c >&5
configure:6102: $? = 0
configure:6102: result: yes
configure:6108: checking for stdlib.h
configure:6108: result: yes
configure:6114: checking for string.h
configure:6114: result: yes
configure:6120: checking for unistd.h
configure:6120: result: yes
configure:6129: checking for _Bool
configure:6129: gcc -c -g -O2  conftest.c >&5
configure:6129: $? = 0
configure:6129: gcc -c -g -O2  conftest.c >&5
conftest.c: In function 'main':
conftest.c:64:20: error: expected expression before ')' token
   64 | if (sizeof ((_Bool)))
      |                    ^
configure:6129: $? = 1
configure: failed program was:
| /* confdefs.h */
| #define PACKAGE_NAME "gerb2tiff"
| #define PACKAGE_TARNAME "gerb2tiff"
| #define PACKAGE_VERSION "1.2"
| #define PACKAGE_STRING "gerb2tiff 1.2"
| #define PACKAGE_BUGREPORT "a_seychell@yahoo.com.au"
| #define PACKAGE_URL ""
| #define PACKAGE "gerb2tiff"
| #define VERSION "1.2"
| #define YYTEXT_POINTER 1
| #define HAVE_LIBTIFF 1
| #define HAVE_STDIO_H 1
| #define HAVE_STDLIB_H 1
| #define HAVE_STRING_H 1
| #define HAVE_INTTYPES_H 1
| #define HAVE_STDINT_H 1
| #define HAVE_STRINGS_H 1
| #define HAVE_SYS_STAT_H 1
| #define HAVE_SYS_TYPES_H 1
| #define HAVE_UNISTD_H 1
| #define STDC_HEADERS 1
| #define HAVE_ALLOCA_H 1
| #define HAVE_ALLOCA 1
| #define HAVE_INTTYPES_H 1
| #define HAVE_LIBINTL_H 1
| #define HAVE_LIMITS_H 1
| #define HAVE_MALLOC_H 1
| #define HAVE_STDDEF_H 1
| #define HAVE_STDLIB_H 1
| #define HAVE_STRING_H 1
| #define HAVE_UNISTD_H 1
| /* end confdefs.h.  */
| #include <stddef.h>
| #ifdef HAVE_STDIO_H
| # include <stdio.h>
| #endif
| #ifdef HAVE_STDLIB_H
| # include <stdlib.h>
| #endif
| #ifdef HAVE_STRING_H
| # include <string.h>
| #endif
| #ifdef HAVE_INTTYPES_H
| # include <inttypes.h>
| #endif
| #ifdef HAVE_STDINT_H
| # include <stdint.h>
| #endif
| #ifdef HAVE_STRINGS_H
| # include <strings.h>
| #endif
| #ifdef HAVE_SYS_TYPES_H
| # include <sys/types.h>
| #endif
| #ifdef HAVE_SYS_STAT_H
| # include <sys/stat.h>
| #endif
| #ifdef HAVE_UNISTD_H
| # include <unistd.h>
| #endif
| int
| main (void)
| {
| if (sizeof ((_Bool)))
| 	    return 0;
|   ;
|   return 0;
| }
configure:6129: result: yes
configure:6138: checking for stdbool.h that conforms to C99
configure:6254: gcc -c -g -O2  conftest.c >&5
configure:6254: $? = 0
configure:6262: result: yes
configure:6271: checking for inline
configure:6288: gcc -c -g -O2  conftest.c >&5
configure:6288: $? = 0
configure:6297: result: inline
configure:6315: checking for int16_t
configure:6315: gcc -c -g -O2  conftest.c >&5
configure:6315: $? = 0
configure:6315: gcc -c -g -O2  conftest.c >&5
conftest.c: In function 'main':
conftest.c:67:12: error: size of array 'test_array' is negative
   67 | static int test_array [1 - 2 * !((int16_t) (((((int16_t) 1 << N) << N) - 1) * 2 + 1)
      |            ^~~~~~~~~~
configure:6315: $? = 1
configure: failed program was:
| /* confdefs.h */
| #define PACKAGE_NAME "gerb2tiff"
| #define PACKAGE_TARNAME "gerb2tiff"
| #define PACKAGE_VERSION "1.2"
| #define PACKAGE_STRING "gerb2tiff 1.2"
| #define PACKAGE_BUGREPORT "a_seychell@yahoo.com.au"
| #define PACKAGE_URL ""
| #define PACKAGE "gerb2tiff"
| #define VERSION "1.2"
| #define YYTEXT_POINTER 1
| #define HAVE_LIBTIFF 1
| #define HAVE_STDIO_H 1
| #define HAVE_STDLIB_H 1
| #define HAVE_STRING_H 1
| #define HAVE_INTTYPES_H 1
| #define HAVE_STDINT_H 1
| #define HAVE_STRINGS_H 1
| #define HAVE_SYS_STAT_H 1
| #define HAVE_SYS_TYPES_H 1
| #define HAVE_UNISTD_H 1
| #define STDC_HEADERS 1
| #define HAVE_ALLOCA_H 1
| #define HAVE_ALLOCA 1
| #define HAVE_INTTYPES_H 1
| #define HAVE_LIBINTL_H 1
| #define HAVE_LIMITS_H 1
| #define HAVE_MALLOC_H 1
| #define HAVE_STDDEF_H 1
| #define HAVE_STDLIB_H 1
| #define HAVE_STRING_H 1
| #define HAVE_UNISTD_H 1
| #define HAVE__BOOL 1
| #define HAVE_STDBOOL_H 1
| /* end confdefs.h.  */
| #include <stddef.h>
| #ifdef HAVE_STDIO_H
| # include <stdio.h>
| #endif
| #ifdef HAVE_STDLIB_H
| # include <stdlib.h>
| #endif
| #ifdef HAVE_STRING_H
| # include <string.h>
| #endif
| #ifdef HAVE_INTTYPES_H
| # include <inttypes.h>
| #endif
| #ifdef HAVE_STDINT_H
| # include <stdint.h>
| #endif
| #ifdef HAVE_STRINGS_H
| # include <strings.h>
| #endif
| #ifdef HAVE_SYS_TYPES_H
| # include <sys/types.h>
| #endif
| #ifdef HAVE_SYS_STAT_H
| # include <sys/stat.h>
| #endif
| #ifdef HAVE_UNISTD_H
| # include <unistd.h>
| #endif
| 	        enum { N = 16 / 2 - 1 };
| int
| main (void)
| {
| static int test_array [1 - 2 * !((int16_t) (((((int16_t) 1 << N) << N) - 1) * 2 + 1)
| 		 < (int16_t) (((((int16_t) 1 << N) << N) - 1) * 2 + 2))];
| test_array [0] = 0;
| return test_array [0];
| 
|   ;
|   return 0;
| }
configure:6315: result: yes
configure:6324: checking for int32_t
configure:6324: gcc -c -g -O2  conftest.c >&5
configure:6324: $? = 0
configure:6324: gcc -c -g -O2  conftest.c >&5
conftest.c: In function 'main':
conftest.c:68:67: warning: integer overflow in expression of type 'int' results in '-2147483648' [-Woverflow]
   68 |                  < (int32_t) (((((int32_t) 1 << N) << N) - 1) * 2 + 2))];
      |                                                                   ^
conftest.c:67:12: error: storage size of 'test_array' isn't constant
   67 | static int test_array [1 - 2 * !((int32_t) (((((int32_t) 1 << N) << N) - 1) * 2 + 1)
      |            ^~~~~~~~~~
configure:6324: $? = 1
configure: failed program was:
| /* confdefs.h */
| #define PACKAGE_NAME "gerb2tiff"
| #define PACKAGE_TARNAME "gerb2tiff"
| #define PACKAGE_VERSION "1.2"
| #define PACKAGE_STRING "gerb2tiff 1.2"
| #define PACKAGE_BUGREPORT "a_seychell@yahoo.com.au"
| #define PACKAGE_URL ""
| #define PACKAGE "gerb2tiff"
| #define VERSION "1.2"
| #define YYTEXT_POINTER 1
| #define HAVE_LIBTIFF 1
| #define HAVE_STDIO_H 1
| #define HAVE_STDLIB_H 1
| #define HAVE_STRING_H 1
| #define HAVE_INTTYPES_H 1
| #define HAVE_STDINT_H 1
| #define HAVE_STRINGS_H 1
| #define HAVE_SYS_STAT_H 1
| #define HAVE_SYS_TYPES_H 1
| #define HAVE_UNISTD_H 1
| #define STDC_HEADERS 1
| #define HAVE_ALLOCA_H 1
| #define HAVE_ALLOCA 1
| #define HAVE_INTTYPES_H 1
| #define HAVE_LIBINTL_H 1
| #define HAVE_LIMITS_H 1
| #define HAVE_MALLOC_H 1
| #define HAVE_STDDEF_H 1
| #define HAVE_STDLIB_H 1
| #define HAVE_STRING_H 1
| #define HAVE_UNISTD_H 1
| #define HAVE__BOOL 1
| #define HAVE_STDBOOL_H 1
| /* end confdefs.h.  */
| #include <stddef.h>
| #ifdef HAVE_STDIO_H
| # include <stdio.h>
| #endif
| #ifdef HAVE_STDLIB_H
| # include <stdlib.h>
| #endif
| #ifdef HAVE_STRING_H
| # include <string.h>
| #endif
| #ifdef HAVE_INTTYPES_H
| # include <inttypes.h>
| #endif
| #ifdef HAVE_STDINT_H
| # include <stdint.h>
| #endif
| #ifdef HAVE_STRINGS_H
| # include <strings.h>
| #endif
| #ifdef HAVE_SYS_TYPES_H
| # include <sys/types.h>
| #endif
| #ifdef HAVE_SYS_STAT_H
| # include <sys/stat.h>
| #endif
| #ifdef HAVE_UNISTD_H
| # include <unistd.h>
| #endif
| 	        enum { N = 32 / 2 - 1 };
| int
| main (void)
| {
| static int test_array [1 - 2 * !((int32_t) (((((int32_t) 1 << N) << N) - 1) * 2 + 1)
| 		 < (int32_t) (((((int32_t) 1 << N) << N) - 1) * 2 + 2))];
| test_array [0] = 0;
| return test_array [0];
| 
|   ;
|   return 0;
| }
configure:6324: result: yes
configure:6333: checking for int8_t
configure:6333: gcc -c -g -O2  conftest.c >&5
configure:6333: $? = 0
configure:6333: gcc -c -g -O2  conftest.c >&5
conftest.c: In function 'main':
conftest.c:67:12: error: size of array 'test_array' is negative
   67 | static int test_array [1 - 2 * !((int8_t) (((((int8_t) 1 << N) << N) - 1) * 2 + 1)
      |            ^~~~~~~~~~
configure:6333: $? = 1
configure: failed program was:
| /* confdefs.h */
| #define PACKAGE_NAME "gerb2tiff"
| #define PACKAGE_TARNAME "gerb2tiff"
| #define PACKAGE_VERSION "1.2"
| #define PACKAGE_STRING "gerb2tiff 1.2"
| #define PACKAGE_BUGREPORT "a_seychell@yahoo.com.au"
| #define PACKAGE_URL ""
| #define PACKAGE "gerb2tiff"
| #define VERSION "1.2"
| #define YYTEXT_POINTER 1
| #define HAVE_LIBTIFF 1
| #define HAVE_STDIO_H 1
| #define HAVE_STDLIB_H 1
| #define HAVE_STRING_H 1
| #define HAVE_INTTYPES_H 1
| #define HAVE_STDINT_H 1
| #define HAVE_STRINGS_H 1
| #define HAVE_SYS_STAT_H 1
| #define HAVE_SYS_TYPES_H 1
| #define HAVE_UNISTD_H 1
| #define STDC_HEADERS 1
| #define HAVE_ALLOCA_H 1
| #define HAVE_ALLOCA 1
| #define HAVE_INTTYPES_H 1
| #define HAVE_LIBINTL_H 1
| #define HAVE_LIMITS_H 1
| #define HAVE_MALLOC_H 1
| #define HAVE_STDDEF_H 1
| #define HAVE_STDLIB_H 1
| #define HAVE_STRING_H 1
| #define HAVE_UNISTD_H 1
| #define HAVE__BOOL 1
| #define HAVE_STDBOOL_H 1
| /* end confdefs.h.  */
| #include <stddef.h>
| #ifdef HAVE_STDIO_H
| # include <stdio.h>
| #endif
| #ifdef HAVE_STDLIB_H
| # include <stdlib.h>
| #endif
| #ifdef HAVE_STRING_H
| # include <string.h>
| #endif
| #ifdef HAVE_INTTYPES_H
| # include <inttypes.h>
| #endif
| #ifdef HAVE_STDINT_H
| # include <stdint.h>
| #endif
| #ifdef HAVE_STRINGS_H
| # include <strings.h>
| #endif
| #ifdef HAVE_SYS_TYPES_H
| # include <sys/types.h>
| #endif
| #ifdef HAVE_SYS_STAT_H
| # include <sys/stat.h>
| #endif
| #ifdef HAVE_UNISTD_H
| # include <unistd.h>
| #endif
| 	        enum { N = 8 / 2 - 1 };
| int
| main (void)
| {
| static int test_array [1 - 2 * !((int8_t) (((((int8_t) 1 << N) << N) - 1) * 2 + 1)
| 		 < (int8_t) (((((int8_t) 1 << N) << N) - 1) * 2 + 2))];
| test_array [0] = 0;
| return test_array [0];
| 
|   ;
|   return 0;
| }
configure:6333: result: yes
configure:6342: checking for C/C++ restrict keyword
configure:6372: gcc -c -g -O2  conftest.c >&5
configure:6372: $? = 0
configure:6381: result: __restrict__
configure:6392: checking for size_t
configure:6392: result: yes
configure:6402: checking for uint16_t
configure:6402: gcc -c -g -O2  conftest.c >&5
configure:6402: $? = 0
configure:6402: result: yes
configure:6412: checking for uint32_t
configure:6412: gcc -c -g -O2  conftest.c >&5
configure:6412: $? = 0
configure:6412: result: yes
configure:6424: checking for uint8_t
configure:6424: gcc -c -g -O2  conftest.c >&5
configure:6424: $? = 0
configure:6424: result: yes
configure:6438: checking for error_at_line
configure:6455: gcc -o conftest -g -O2   conftest.c -ltiff  >&5
configure:6455: $? = 0
configure:6464: result: yes
configure:6481: checking build system type
configure:6496: result: x86_64-pc-linux-gnu
configure:6516: checking host system type
configure:6530: result: x86_64-pc-linux-gnu
configure:6550: checking for GNU libc compatible malloc
configure:6582: gcc -o conftest -g -O2   conftest.c -ltiff  >&5
configure:6582: $? = 0
configure:6582: ./conftest
configure:6582: $? = 0
configure:6593: result: yes
configure:6615: checking for GNU libc compatible realloc
configure:6647: gcc -o conftest -g -O2   conftest.c -ltiff  >&5
configure:6647: $? = 0
configure:6647: ./conftest
configure:6647: $? = 0
configure:6658: result: yes
configure:6680: checking for working strtod
configure:6723: gcc -o conftest -g -O2   conftest.c -ltiff  >&5
configure:6723: $? = 0
configure:6723: ./conftest
configure:6723: $? = 0
configure:6734: result: yes
configure:6797: checking for memset
configure:6797: gcc -o conftest -g -O2   conftest.c -ltiff  >&5
conftest.c:54:6: warning: conflicting types for built-in function 'memset'; expected 'void *(void *, int,  long unsigned int)' [-Wbuiltin-declaration-mismatch]
   54 | char memset ();
      |      ^~~~~~
conftest.c:46:1: note: 'memset' is declared in header '<string.h>'
   45 | #include <limits.h>
   46 | #undef memset
configure:6797: $? = 0
configure:6797: result: yes
configure:6803: checking for pow
configure:6803: gcc -o conftest -g -O2   conftest.c -ltiff  >&5
conftest.c:55:6: warning: conflicting types for built-in function 'pow'; expected 'double(double,  double)' [-Wbuiltin-declaration-mismatch]
   55 | char pow ();
      |      ^~~
conftest.c:47:1: note: 'pow' is declared in header '<math.h>'
   46 | #include <limits.h>
   47 | #undef pow
/usr/bin/ld: /tmp/ccxK5Gyp.o: in function `main':
/home/minkicho/gerb2tiff/conftest.c:66:(.text.startup+0xb): undefined reference to `pow'
collect2: error: ld returned 1 exit status
configure:6803: $? = 1
configure: failed program was:
| /* confdefs.h */
| #define PACKAGE_NAME "gerb2tiff"
| #define PACKAGE_TARNAME "gerb2tiff"
| #define PACKAGE_VERSION "1.2"
| #define PACKAGE_STRING "gerb2tiff 1.2"
| #define PACKAGE_BUGREPORT "a_seychell@yahoo.com.au"
| #define PACKAGE_URL ""
| #define PACKAGE "gerb2tiff"
| #define VERSION "1.2"
| #define YYTEXT_POINTER 1
| #define HAVE_LIBTIFF 1
| #define HAVE_STDIO_H 1
| #define HAVE_STDLIB_H 1
| #define HAVE_STRING_H 1
| #define HAVE_INTTYPES_H 1
| #define HAVE_STDINT_H 1
| #define HAVE_STRINGS_H 1
| #define HAVE_SYS_STAT_H 1
| #define HAVE_SYS_TYPES_H 1
| #define HAVE_UNISTD_H 1
| #define STDC_HEADERS 1
| #define HAVE_ALLOCA_H 1
| #define HAVE_ALLOCA 1
| #define HAVE_INTTYPES_H 1
| #define HAVE_LIBINTL_H 1
| #define HAVE_LIMITS_H 1
| #define HAVE_MALLOC_H 1
| #define HAVE_STDDEF_H 1
| #define HAVE_STDLIB_H 1
| #define HAVE_STRING_H 1
| #define HAVE_UNISTD_H 1
| #define HAVE__BOOL 1
| #define HAVE_STDBOOL_H 1
| #define restrict __restrict__
| #define HAVE_MALLOC 1
| #define HAVE_REALLOC 1
| #define HAVE_MEMSET 1
| /* end confdefs.h.  */
| /* Define pow to an innocuous variant, in case <limits.h> declares pow.
|    For example, HP-UX 11i <limits.h> declares gettimeofday.  */
| #define pow innocuous_pow
| 
| /* System header to define __stub macros and hopefully few prototypes,
|    which can conflict with char pow (); below.  */
| 
| #include <limits.h>
| #undef pow
| 
| /* Override any GCC internal prototype to avoid an error.
|    Use char because int might match the return type of a GCC
|    builtin and then its argument prototype would still apply.  */
| #ifdef __cplusplus
| extern "C"
| #endif
| char pow ();
| /* The GNU C library defines this for functions which it implements
|     to always fail with ENOSYS.  Some functions are actually named
|     something starting with __ and the normal name is an alias.  */
| #if defined __stub_pow || defined __stub___pow
| choke me
| #endif
| 
| int
| main (void)
| {
| return pow ();
|   ;
|   return 0;
| }
configure:6803: result: no
configure:6809: checking for sqrt
configure:6809: gcc -o conftest -g -O2   conftest.c -ltiff  >&5
conftest.c:55:6: warning: conflicting types for built-in function 'sqrt'; expected 'double(double)' [-Wbuiltin-declaration-mismatch]
   55 | char sqrt ();
      |      ^~~~
conftest.c:47:1: note: 'sqrt' is declared in header '<math.h>'
   46 | #include <limits.h>
   47 | #undef sqrt
/usr/bin/ld: /tmp/cc7qpoEL.o: in function `main':
/home/minkicho/gerb2tiff/conftest.c:66:(.text.startup+0xb): undefined reference to `sqrt'
collect2: error: ld returned 1 exit status
configure:6809: $? = 1
configure: failed program was:
| /* confdefs.h */
| #define PACKAGE_NAME "gerb2tiff"
| #define PACKAGE_TARNAME "gerb2tiff"
| #define PACKAGE_VERSION "1.2"
| #define PACKAGE_STRING "gerb2tiff 1.2"
| #define PACKAGE_BUGREPORT "a_seychell@yahoo.com.au"
| #define PACKAGE_URL ""
| #define PACKAGE "gerb2tiff"
| #define VERSION "1.2"
| #define YYTEXT_POINTER 1
| #define HAVE_LIBTIFF 1
| #define HAVE_STDIO_H 1
| #define HAVE_STDLIB_H 1
| #define HAVE_STRING_H 1
| #define HAVE_INTTYPES_H 1
| #define HAVE_STDINT_H 1
| #define HAVE_STRINGS_H 1
| #define HAVE_SYS_STAT_H 1
| #define HAVE_SYS_TYPES_H 1
| #define HAVE_UNISTD_H 1
| #define STDC_HEADERS 1
| #define HAVE_ALLOCA_H 1
| #define HAVE_ALLOCA 1
| #define HAVE_INTTYPES_H 1
| #define HAVE_LIBINTL_H 1
| #define HAVE_LIMITS_H 1
| #define HAVE_MALLOC_H 1
| #define HAVE_STDDEF_H 1
| #define HAVE_STDLIB_H 1
| #define HAVE_STRING_H 1
| #define HAVE_UNISTD_H 1
| #define HAVE__BOOL 1
| #define HAVE_STDBOOL_H 1
| #define restrict __restrict__
| #define HAVE_MALLOC 1
| #define HAVE_REALLOC 1
| #define HAVE_MEMSET 1
| /* end confdefs.h.  */
| /* Define sqrt to an innocuous variant, in case <limits.h> declares sqrt.
|    For example, HP-UX 11i <limits.h> declares gettimeofday.  */
| #define sqrt innocuous_sqrt
| 
| /* System header to define __stub macros and hopefully few prototypes,
|    which can conflict with char sqrt (); below.  */
| 
| #include <limits.h>
| #undef sqrt
| 
| /* Override any GCC internal prototype to avoid an error.
|    Use char because int might match the return type of a GCC
|    builtin and then its argument prototype would still apply.  */
| #ifdef __cplusplus
| extern "C"
| #endif
| char sqrt ();
| /* The GNU C library defines this for functions which it implements
|     to always fail with ENOSYS.  Some functions are actually named
|     something starting with __ and the normal name is an alias.  */
| #if defined __stub_sqrt || defined __stub___sqrt
| choke me
| #endif
| 
| int
| main (void)
| {
| return sqrt ();
|   ;
|   return 0;
| }
configure:6809: result: no
configure:6815: checking for strchr
configure:6815: gcc -o conftest -g -O2   conftest.c -ltiff  >&5
conftest.c:55:6: warning: conflicting types for built-in function 'strchr'; expected 'char *(const char *, int)' [-Wbuiltin-declaration-mismatch]
   55 | char strchr ();
      |      ^~~~~~
conftest.c:47:1: note: 'strchr' is declared in header '<string.h>'
   46 | #include <limits.h>
   47 | #undef strchr
configure:6815: $? = 0
configure:6815: result: yes
configure:6821: checking for strrchr
configure:6821: gcc -o conftest -g -O2   conftest.c -ltiff  >&5
conftest.c:56:6: warning: conflicting types for built-in function 'strrchr'; expected 'char *(const char *, int)' [-Wbuiltin-declaration-mismatch]
   56 | char strrchr ();
      |      ^~~~~~~
conftest.c:48:1: note: 'strrchr' is declared in header '<string.h>'
   47 | #include <limits.h>
   48 | #undef strrchr
configure:6821: $? = 0
configure:6821: result: yes
configure:6827: checking for strstr
configure:6827: gcc -o conftest -g -O2   conftest.c -ltiff  >&5
conftest.c:57:6: warning: conflicting types for built-in function 'strstr'; expected 'char *(const char *, const char *)' [-Wbuiltin-declaration-mismatch]
   57 | char strstr ();
      |      ^~~~~~
conftest.c:49:1: note: 'strstr' is declared in header '<string.h>'
   48 | #include <limits.h>
   49 | #undef strstr
configure:6827: $? = 0
configure:6827: result: yes
configure:6939: checking that generated files are newer than configure
configure:6945: result: done
configure:6972: creating ./config.status

## ---------------------- ##
## Running config.status. ##
## ---------------------- ##

This file was extended by gerb2tiff config.status 1.2, which was
generated by GNU Autoconf 2.71.  Invocation command line was

  CONFIG_FILES    = 
  CONFIG_HEADERS  = 
  CONFIG_LINKS    = 
  CONFIG_COMMANDS = 
  $ ./config.status 

on DESKTOP-F8FHQ13

config.status:890: creating Makefile
config.status:890: creating src/Makefile
config.status:890: creating src/config.h
config.status:1119: executing depfiles commands
config.status:1196: cd src       && sed -e '/# am--include-marker/d' Makefile         | make -f - am--depfiles
make: Nothing to be done for 'am--depfiles'.
config.status:1201: $? = 0

## ---------------- ##
## Cache variables. ##
## ---------------- ##

ac_cv_build=x86_64-pc-linux-gnu
ac_cv_c_compiler_gnu=yes
ac_cv_c_inline=inline
ac_cv_c_int16_t=yes
ac_cv_c_int32_t=yes
ac_cv_c_int8_t=yes
ac_cv_c_restrict=__restrict__
ac_cv_c_uint16_t=yes
ac_cv_c_uint32_t=yes
ac_cv_c_uint8_t=yes
ac_cv_cxx_compiler_gnu=yes
ac_cv_env_CCC_set=
ac_cv_env_CCC_value=
ac_cv_env_CC_set=
ac_cv_env_CC_value=
ac_cv_env_CFLAGS_set=
ac_cv_env_CFLAGS_value=
ac_cv_env_CPPFLAGS_set=
ac_cv_env_CPPFLAGS_value=
ac_cv_env_CPP_set=
ac_cv_env_CPP_value=
ac_cv_env_CXXFLAGS_set=
ac_cv_env_CXXFLAGS_value=
ac_cv_env_CXX_set=
ac_cv_env_CXX_value=
ac_cv_env_LDFLAGS_set=
ac_cv_env_LDFLAGS_value=
ac_cv_env_LIBS_set=
ac_cv_env_LIBS_value=
ac_cv_env_YACC_set=
ac_cv_env_YACC_value=
ac_cv_env_YFLAGS_set=
ac_cv_env_YFLAGS_value=
ac_cv_env_build_alias_set=
ac_cv_env_build_alias_value=
ac_cv_env_host_alias_set=
ac_cv_env_host_alias_value=
ac_cv_env_target_alias_set=
ac_cv_env_target_alias_value=
ac_cv_func_alloca_works=yes
ac_cv_func_malloc_0_nonnull=yes
ac_cv_func_memset=yes
ac_cv_func_pow=no
ac_cv_func_realloc_0_nonnull=yes
ac_cv_func_sqrt=no
ac_cv_func_strchr=yes
ac_cv_func_strrchr=yes
ac_cv_func_strstr=yes
ac_cv_func_strtod=yes
ac_cv_header_inttypes_h=yes
ac_cv_header_libintl_h=yes
ac_cv_header_limits_h=yes
ac_cv_header_malloc_h=yes
ac_cv_header_stdbool_h=yes
ac_cv_header_stddef_h=yes
ac_cv_header_stdint_h=yes
ac_cv_header_stdio_h=yes
ac_cv_header_stdlib_h=yes
ac_cv_header_string_h=yes
ac_cv_header_strings_h=yes
ac_cv_header_sys_stat_h=yes
ac_cv_header_sys_types_h=yes
ac_cv_header_unistd_h=yes
ac_cv_host=x86_64-pc-linux-gnu
ac_cv_lib_error_at_line=yes
ac_cv_lib_lex='none needed'
ac_cv_lib_tiff_TIFFOpen=yes
ac_cv_objext=o
ac_cv_path_install='/usr/bin/install -c'
ac_cv_path_mkdir=/usr/bin/mkdir
ac_cv_prog_AWK=gawk
ac_cv_prog_CPP='gcc -E'
ac_cv_prog_LEX=flex
ac_cv_prog_YACC='bison -y'
ac_cv_prog_ac_ct_CC=gcc
ac_cv_prog_ac_ct_CXX=g++
ac_cv_prog_cc_c11=
ac_cv_prog_cc_g=yes
ac_cv_prog_cc_stdc=
ac_cv_prog_cxx_cxx11=
ac_cv_prog_cxx_g=yes
ac_cv_prog_cxx_stdcxx=
ac_cv_prog_lex_root=lex.yy
ac_cv_prog_lex_yytext_pointer=yes
ac_cv_prog_make_make_set=yes
ac_cv_search_yywrap=-ll
ac_cv_type__Bool=yes
ac_cv_type_size_t=yes
ac_cv_working_alloca_h=yes
am_cv_CC_dependencies_compiler_type=gcc3
am_cv_CXX_dependencies_compiler_type=gcc3
am_cv_make_support_nested_variables=yes
am_cv_prog_cc_c_o=yes

## ----------------- ##
## Output variables. ##
## ----------------- ##

ACLOCAL='aclocal-1.16'
ALLOCA=''
AMDEPBACKSLASH='\'
AMDEP_FALSE='#'
AMDEP_TRUE=''
AMTAR='$${TAR-tar}'
AM_BACKSLASH='\'
AM_DEFAULT_V='$(AM_DEFAULT_VERBOSITY)'
AM_DEFAULT_VERBOSITY='1'
AM_V='$(V)'
AUTOCONF='autoconf'
AUTOHEADER='autoheader'
AUTOMAKE='automake-1.16'
AWK='gawk'
CC='gcc'
CCDEPMODE='depmode=gcc3'
CFLAGS='-g -O2'
CPP='gcc -E'
CPPFLAGS=''
CSCOPE='cscope'
CTAGS='ctags'
CXX='g++'
CXXDEPMODE='depmode=gcc3'
CXXFLAGS='-g -O2'
CYGPATH_W='echo'
DEFS='-DHAVE_CONFIG_H'
DEPDIR='.deps'
ECHO_C=''
ECHO_N='-n'
ECHO_T=''
ETAGS='etags'
EXEEXT=''
INSTALL_DATA='${INSTALL} -m 644'
INSTALL_PROGRAM='${INSTALL}'
INSTALL_SCRIPT='${INSTALL}'
INSTALL_STRIP_PROGRAM='$(install_sh) -c -s'
LDFLAGS=''
LEX='flex'
LEXLIB='-ll '
LEX_OUTPUT_ROOT='lex.yy'
LIBOBJS=''
LIBS='-ltiff '
LTLIBOBJS=''
MAKEINFO='makeinfo'
MKDIR_P='/usr/bin/mkdir -p'
OBJEXT='o'
PACKAGE='gerb2tiff'
PACKAGE_BUGREPORT='a_seychell@yahoo.com.au'
PACKAGE_NAME='gerb2tiff'
PACKAGE_STRING='gerb2tiff 1.2'
PACKAGE_TARNAME='gerb2tiff'
PACKAGE_URL=''
PACKAGE_VERSION='1.2'
PATH_SEPARATOR=':'
POW_LIB=''
SET_MAKE=''
SHELL='/bin/bash'
STRIP=''
VERSION='1.2'
YACC='bison -y'
YFLAGS=''
ac_ct_CC='gcc'
ac_ct_CXX='g++'
am__EXEEXT_FALSE=''
am__EXEEXT_TRUE='#'
am__fastdepCC_FALSE='#'
am__fastdepCC_TRUE=''
am__fastdepCXX_FALSE='#'
am__fastdepCXX_TRUE=''
am__include='include'
am__isrc=''
am__leading_dot='.'
am__nodep='_no'
am__quote=''
am__tar='$${TAR-tar} chof - "$$tardir"'
am__untar='$${TAR-tar} xf -'
bindir='${exec_prefix}/bin'
build='x86_64-pc-linux-gnu'
build_alias=''
build_cpu='x86_64'
build_os='linux-gnu'
build_vendor='pc'
datadir='${datarootdir}'
datarootdir='${prefix}/share'
docdir='${datarootdir}/doc/${PACKAGE_TARNAME}'
dvidir='${docdir}'
exec_prefix='${prefix}'
host='x86_64-pc-linux-gnu'
host_alias=''
host_cpu='x86_64'
host_os='linux-gnu'
host_vendor='pc'
htmldir='${docdir}'
includedir='${prefix}/include'
infodir='${datarootdir}/info'
install_sh='${SHELL} /home/minkicho/gerb2tiff/build-aux/install-sh'
libdir='${exec_prefix}/lib'
libexecdir='${exec_prefix}/libexec'
localedir='${datarootdir}/locale'
localstatedir='${prefix}/var'
mandir='${datarootdir}/man'
mkdir_p='$(MKDIR_P)'
oldincludedir='/usr/include'
pdfdir='${docdir}'
prefix='/usr/local'
program_transform_name='s,x,x,'
psdir='${docdir}'
runstatedir='${localstatedir}/run'
sbindir='${exec_prefix}/sbin'
sharedstatedir='${prefix}/com'
sysconfdir='${prefix}/etc'
target_alias=''

## ----------- ##
## confdefs.h. ##
## ----------- ##

/* confdefs.h */
#define PACKAGE_NAME "gerb2tiff"
#define PACKAGE_TARNAME "gerb2tiff"
#define PACKAGE_VERSION "1.2"
#define PACKAGE_STRING "gerb2tiff 1.2"
#define PACKAGE_BUGREPORT "a_seychell@yahoo.com.au"
#define PACKAGE_URL ""
#define PACKAGE "gerb2tiff"
#define VERSION "1.2"
#define YYTEXT_POINTER 1
#define HAVE_LIBTIFF 1
#define HAVE_STDIO_H 1
#define HAVE_STDLIB_H 1
#define HAVE_STRING_H 1
#define HAVE_INTTYPES_H 1
#define HAVE_STDINT_H 1
#define HAVE_STRINGS_H 1
#define HAVE_SYS_STAT_H 1
#define HAVE_SYS_TYPES_H 1
#define HAVE_UNISTD_H 1
#define STDC_HEADERS 1
#define HAVE_ALLOCA_H 1
#define HAVE_ALLOCA 1
#define HAVE_INTTYPES_H 1
#define HAVE_LIBINTL_H 1
#define HAVE_LIMITS_H 1
#define HAVE_MALLOC_H 1
#define HAVE_STDDEF_H 1
#define HAVE_STDLIB_H 1
#define HAVE_STRING_H 1
#define HAVE_UNISTD_H 1
#define HAVE__BOOL 1
#define HAVE_STDBOOL_H 1
#define restrict __restrict__
#define HAVE_MALLOC 1
#define HAVE_REALLOC 1
#define HAVE_MEMSET 1
#define HAVE_STRCHR 1
#define HAVE_STRRCHR 1
#define HAVE_STRSTR 1

configure: exit 0
